Arguments: 
  D:\app\node.exe C:\Users\sby\AppData\Roaming\npm\node_modules\yarn\bin\yarn.js add braft-editor

PATH: 
  C:\Users\sby\.oh-my-posh;C:\Windows\system32;C:\Windows;C:\Windows\System32\Wbem;C:\Windows\System32\WindowsPowerShell\v1.0\;C:\Windows\System32\OpenSSH\;D:\app\;D:\app\Git\cmd;C:\Users\sby\AppData\Local\Microsoft\WindowsApps;C:\Users\sby\AppData\Roaming\npm;D:\Microsoft VS Code\bin

Yarn version: 
  1.22.17

Node version: 
  16.13.1

Platform: 
  win32 x64

Trace: 
  Error: EPERM: operation not permitted, unlink 'C:\Users\sby\Desktop\background\node_modules\esbuild-windows-64\esbuild.exe'

npm manifest: 
  {
    "name": "background",
    "version": "0.0.0",
    "scripts": {
      "dev": "vite",
      "build": "tsc && vite build",
      "preview": "vite preview"
    },
    "dependencies": {
      "@ant-design/icons": "^4.7.0",
      "antd": "^4.18.5",
      "axios": "^0.25.0",
      "echarts": "^5.3.0",
      "less": "^4.1.2",
      "nprogress": "^0.2.0",
      "react": "^17.0.2",
      "react-dom": "^17.0.2",
      "react-router-dom": "^5.3.0"
    },
    "devDependencies": {
      "@types/nprogress": "^0.2.0",
      "@types/react": "^17.0.33",
      "@types/react-dom": "^17.0.10",
      "@types/react-router-dom": "^5.3.3",
      "@vitejs/plugin-react": "^1.0.7",
      "typescript": "^4.4.4",
      "vite": "^2.7.2"
    }
  }

yarn manifest: 
  No manifest

Lockfile: 
  No lockfile
